Info: Starting: Create simulation model
Info: qsys-generate Z:\altera\CPEN311\lab-5-ad2969\task1\pixel_xform_system.qsys --simulation=VERILOG --allow-mixed-language-simulation --output-directory=Z:\altera\CPEN311\lab-5-ad2969\task1\pixel_xform_system\simulation --family="Cyclone V" --part=5CSEMA5F31C6
Progress: Loading task1/pixel_xform_system.qsys
Progress: Reading input file
Progress: Adding LEDs [altera_avalon_pio 18.1]
Progress: Parameterizing module LEDs
Progress: Adding clk_0 [clock_source 18.1]
Progress: Parameterizing module clk_0
Progress: Adding jtag_uart_0 [altera_avalon_jtag_uart 18.1]
Progress: Parameterizing module jtag_uart_0
Progress: Adding nios2_gen2_0 [altera_nios2_gen2 18.1]
Progress: Parameterizing module nios2_gen2_0
Progress: Adding onchip_memory2_0 [altera_avalon_onchip_memory2 18.1]
Progress: Parameterizing module onchip_memory2_0
Progress: Adding switches [altera_avalon_pio 18.1]
Progress: Parameterizing module switches
Progress: Building connections
Progress: Parameterizing connections
Progress: Validating
Progress: Done reading input file
Info: pixel_xform_system.jtag_uart_0: JTAG UART IP input clock need to be at least double (2x) the operating frequency of JTAG TCK on board
Info: pixel_xform_system.switches: PIO inputs are not hardwired in test bench. Undefined values will be read from PIO inputs during simulation.
Info: pixel_xform_system: Generating pixel_xform_system "pixel_xform_system" for SIM_VERILOG
Info: LEDs: Starting RTL generation for module 'pixel_xform_system_LEDs'
Info: LEDs:   Generation command is [exec Z:/altera/18.1/quartus/bin64/perl/bin/perl.exe -I Z:/altera/18.1/quartus/bin64/perl/lib -I Z:/altera/18.1/quartus/sopc_builder/bin/europa -I Z:/altera/18.1/quartus/sopc_builder/bin/perl_lib -I Z:/altera/18.1/quartus/sopc_builder/bin -I Z:/altera/18.1/quartus/../ip/altera/sopc_builder_ip/common -I Z:/altera/18.1/quartus/../ip/altera/sopc_builder_ip/altera_avalon_pio -- Z:/altera/18.1/quartus/../ip/altera/sopc_builder_ip/altera_avalon_pio/generate_rtl.pl --name=pixel_xform_system_LEDs --dir=C:/Users/Clare/AppData/Local/Temp/alt8225_2232464465915541895.dir/0002_LEDs_gen/ --quartus_dir=Z:/altera/18.1/quartus --verilog --config=C:/Users/Clare/AppData/Local/Temp/alt8225_2232464465915541895.dir/0002_LEDs_gen//pixel_xform_system_LEDs_component_configuration.pl  --do_build_sim=1    --sim_dir=C:/Users/Clare/AppData/Local/Temp/alt8225_2232464465915541895.dir/0002_LEDs_gen/  ]
Info: LEDs: Done RTL generation for module 'pixel_xform_system_LEDs'
Info: LEDs: "pixel_xform_system" instantiated altera_avalon_pio "LEDs"
Info: jtag_uart_0: Starting RTL generation for module 'pixel_xform_system_jtag_uart_0'
Info: jtag_uart_0:   Generation command is [exec Z:/altera/18.1/quartus/bin64/perl/bin/perl.exe -I Z:/altera/18.1/quartus/bin64/perl/lib -I Z:/altera/18.1/quartus/sopc_builder/bin/europa -I Z:/altera/18.1/quartus/sopc_builder/bin/perl_lib -I Z:/altera/18.1/quartus/sopc_builder/bin -I Z:/altera/18.1/quartus/../ip/altera/sopc_builder_ip/common -I Z:/altera/18.1/quartus/../ip/altera/sopc_builder_ip/altera_avalon_jtag_uart -- Z:/altera/18.1/quartus/../ip/altera/sopc_builder_ip/altera_avalon_jtag_uart/generate_rtl.pl --name=pixel_xform_system_jtag_uart_0 --dir=C:/Users/Clare/AppData/Local/Temp/alt8225_2232464465915541895.dir/0003_jtag_uart_0_gen/ --quartus_dir=Z:/altera/18.1/quartus --verilog --config=C:/Users/Clare/AppData/Local/Temp/alt8225_2232464465915541895.dir/0003_jtag_uart_0_gen//pixel_xform_system_jtag_uart_0_component_configuration.pl  --do_build_sim=1    --sim_dir=C:/Users/Clare/AppData/Local/Temp/alt8225_2232464465915541895.dir/0003_jtag_uart_0_gen/  ]
Info: jtag_uart_0: Done RTL generation for module 'pixel_xform_system_jtag_uart_0'
Info: jtag_uart_0: "pixel_xform_system" instantiated altera_avalon_jtag_uart "jtag_uart_0"
Info: nios2_gen2_0: "pixel_xform_system" instantiated altera_nios2_gen2 "nios2_gen2_0"
Info: onchip_memory2_0: Starting RTL generation for module 'pixel_xform_system_onchip_memory2_0'
Info: onchip_memory2_0:   Generation command is [exec Z:/altera/18.1/quartus/bin64/perl/bin/perl.exe -I Z:/altera/18.1/quartus/bin64/perl/lib -I Z:/altera/18.1/quartus/sopc_builder/bin/europa -I Z:/altera/18.1/quartus/sopc_builder/bin/perl_lib -I Z:/altera/18.1/quartus/sopc_builder/bin -I Z:/altera/18.1/quartus/../ip/altera/sopc_builder_ip/common -I Z:/altera/18.1/quartus/../ip/altera/sopc_builder_ip/altera_avalon_onchip_memory2 -- Z:/altera/18.1/quartus/../ip/altera/sopc_builder_ip/altera_avalon_onchip_memory2/generate_rtl.pl --name=pixel_xform_system_onchip_memory2_0 --dir=C:/Users/Clare/AppData/Local/Temp/alt8225_2232464465915541895.dir/0004_onchip_memory2_0_gen/ --quartus_dir=Z:/altera/18.1/quartus --verilog --config=C:/Users/Clare/AppData/Local/Temp/alt8225_2232464465915541895.dir/0004_onchip_memory2_0_gen//pixel_xform_system_onchip_memory2_0_component_configuration.pl  --do_build_sim=1    --sim_dir=C:/Users/Clare/AppData/Local/Temp/alt8225_2232464465915541895.dir/0004_onchip_memory2_0_gen/  ]
Info: onchip_memory2_0: Done RTL generation for module 'pixel_xform_system_onchip_memory2_0'
Info: onchip_memory2_0: "pixel_xform_system" instantiated altera_avalon_onchip_memory2 "onchip_memory2_0"
Info: switches: Starting RTL generation for module 'pixel_xform_system_switches'
Info: switches:   Generation command is [exec Z:/altera/18.1/quartus/bin64/perl/bin/perl.exe -I Z:/altera/18.1/quartus/bin64/perl/lib -I Z:/altera/18.1/quartus/sopc_builder/bin/europa -I Z:/altera/18.1/quartus/sopc_builder/bin/perl_lib -I Z:/altera/18.1/quartus/sopc_builder/bin -I Z:/altera/18.1/quartus/../ip/altera/sopc_builder_ip/common -I Z:/altera/18.1/quartus/../ip/altera/sopc_builder_ip/altera_avalon_pio -- Z:/altera/18.1/quartus/../ip/altera/sopc_builder_ip/altera_avalon_pio/generate_rtl.pl --name=pixel_xform_system_switches --dir=C:/Users/Clare/AppData/Local/Temp/alt8225_2232464465915541895.dir/0005_switches_gen/ --quartus_dir=Z:/altera/18.1/quartus --verilog --config=C:/Users/Clare/AppData/Local/Temp/alt8225_2232464465915541895.dir/0005_switches_gen//pixel_xform_system_switches_component_configuration.pl  --do_build_sim=1    --sim_dir=C:/Users/Clare/AppData/Local/Temp/alt8225_2232464465915541895.dir/0005_switches_gen/  ]
Info: switches: Done RTL generation for module 'pixel_xform_system_switches'
Info: switches: "pixel_xform_system" instantiated altera_avalon_pio "switches"
Info: avalon_st_adapter: Inserting error_adapter: error_adapter_0
Info: avalon_st_adapter_001: Inserting error_adapter: error_adapter_0
Info: avalon_st_adapter_002: Inserting error_adapter: error_adapter_0
Info: avalon_st_adapter_003: Inserting error_adapter: error_adapter_0
Info: avalon_st_adapter_004: Inserting error_adapter: error_adapter_0
Info: mm_interconnect_0: "pixel_xform_system" instantiated altera_mm_interconnect "mm_interconnect_0"
Info: irq_mapper: "pixel_xform_system" instantiated altera_irq_mapper "irq_mapper"
Info: rst_controller: "pixel_xform_system" instantiated altera_reset_controller "rst_controller"
Info: cpu: Starting RTL generation for module 'pixel_xform_system_nios2_gen2_0_cpu'
Info: cpu:   Generation command is [exec Z:/altera/18.1/quartus/bin64//eperlcmd.exe -I Z:/altera/18.1/quartus/bin64//perl/lib -I Z:/altera/18.1/quartus/sopc_builder/bin/europa -I Z:/altera/18.1/quartus/sopc_builder/bin/perl_lib -I Z:/altera/18.1/quartus/sopc_builder/bin -I Z:/altera/18.1/quartus/../ip/altera/nios2_ip/altera_nios2_gen2/cpu_lib -I Z:/altera/18.1/quartus/../ip/altera/nios2_ip/altera_nios2_gen2/nios_lib -I Z:/altera/18.1/quartus/../ip/altera/nios2_ip/altera_nios2_gen2 -I Z:/altera/18.1/quartus/../ip/altera/nios2_ip/altera_nios2_gen2 -- Z:/altera/18.1/quartus/../ip/altera/nios2_ip/altera_nios2_gen2/generate_rtl.epl --name=pixel_xform_system_nios2_gen2_0_cpu --dir=C:/Users/Clare/AppData/Local/Temp/alt8225_2232464465915541895.dir/0008_cpu_gen/ --quartus_bindir=Z:/altera/18.1/quartus/bin64/ --verilog --config=C:/Users/Clare/AppData/Local/Temp/alt8225_2232464465915541895.dir/0008_cpu_gen//pixel_xform_system_nios2_gen2_0_cpu_processor_configuration.pl  --do_build_sim=1    --sim_dir=C:/Users/Clare/AppData/Local/Temp/alt8225_2232464465915541895.dir/0008_cpu_gen/  ]
Info: cpu: # 2019.11.24 20:51:03 (*) Starting Nios II generation
Info: cpu: # 2019.11.24 20:51:03 (*)   Checking for plaintext license.
Info: cpu: # 2019.11.24 20:51:03 (*)   Couldn't query license setup in Quartus directory Z:/altera/18.1/quartus/bin64/
Info: cpu: # 2019.11.24 20:51:03 (*)   Defaulting to contents of LM_LICENSE_FILE environment variable
Info: cpu: # 2019.11.24 20:51:03 (*)   LM_LICENSE_FILE environment variable is empty
Info: cpu: # 2019.11.24 20:51:03 (*)   Plaintext license not found.
Info: cpu: # 2019.11.24 20:51:03 (*)   No license required to generate encrypted Nios II/e.
Info: cpu: # 2019.11.24 20:51:03 (*)   Elaborating CPU configuration settings
Info: cpu: # 2019.11.24 20:51:03 (*)   Creating all objects for CPU
Info: cpu: # 2019.11.24 20:51:05 (*)   Creating 'C:/Users/Clare/AppData/Local/Temp/alt8225_2232464465915541895.dir/0008_cpu_gen//pixel_xform_system_nios2_gen2_0_cpu_nios2_waves.do'
Info: cpu: # 2019.11.24 20:51:05 (*)   Generating RTL from CPU objects
Info: cpu: # 2019.11.24 20:51:05 (*)   Creating plain-text RTL
Info: cpu: # 2019.11.24 20:51:06 (*) Done Nios II generation
Info: cpu: Done RTL generation for module 'pixel_xform_system_nios2_gen2_0_cpu'
Info: cpu: "nios2_gen2_0" instantiated altera_nios2_gen2_unit "cpu"
Info: nios2_gen2_0_data_master_translator: "mm_interconnect_0" instantiated altera_merlin_master_translator "nios2_gen2_0_data_master_translator"
Info: jtag_uart_0_avalon_jtag_slave_translator: "mm_interconnect_0" instantiated altera_merlin_slave_translator "jtag_uart_0_avalon_jtag_slave_translator"
Info: nios2_gen2_0_data_master_agent: "mm_interconnect_0" instantiated altera_merlin_master_agent "nios2_gen2_0_data_master_agent"
Info: jtag_uart_0_avalon_jtag_slave_agent: "mm_interconnect_0" instantiated altera_merlin_slave_agent "jtag_uart_0_avalon_jtag_slave_agent"
Info: jtag_uart_0_avalon_jtag_slave_agent_rsp_fifo: "mm_interconnect_0" instantiated altera_avalon_sc_fifo "jtag_uart_0_avalon_jtag_slave_agent_rsp_fifo"
Info: router: "mm_interconnect_0" instantiated altera_merlin_router "router"
Info: router_001: "mm_interconnect_0" instantiated altera_merlin_router "router_001"
Info: router_002: "mm_interconnect_0" instantiated altera_merlin_router "router_002"
Info: router_003: "mm_interconnect_0" instantiated altera_merlin_router "router_003"
Info: cmd_demux: "mm_interconnect_0" instantiated altera_merlin_demultiplexer "cmd_demux"
Info: cmd_demux_001: "mm_interconnect_0" instantiated altera_merlin_demultiplexer "cmd_demux_001"
Info: cmd_mux: "mm_interconnect_0" instantiated altera_merlin_multiplexer "cmd_mux"
Info: cmd_mux_001: "mm_interconnect_0" instantiated altera_merlin_multiplexer "cmd_mux_001"
Info: Reusing file Z:/altera/CPEN311/lab-5-ad2969/task1/pixel_xform_system/simulation/submodules/altera_merlin_arbitrator.sv
Info: rsp_demux: "mm_interconnect_0" instantiated altera_merlin_demultiplexer "rsp_demux"
Info: rsp_mux: "mm_interconnect_0" instantiated altera_merlin_multiplexer "rsp_mux"
Info: Reusing file Z:/altera/CPEN311/lab-5-ad2969/task1/pixel_xform_system/simulation/submodules/altera_merlin_arbitrator.sv
Info: rsp_mux_001: "mm_interconnect_0" instantiated altera_merlin_multiplexer "rsp_mux_001"
Info: Reusing file Z:/altera/CPEN311/lab-5-ad2969/task1/pixel_xform_system/simulation/submodules/altera_merlin_arbitrator.sv
Info: avalon_st_adapter: "mm_interconnect_0" instantiated altera_avalon_st_adapter "avalon_st_adapter"
Info: error_adapter_0: "avalon_st_adapter" instantiated error_adapter "error_adapter_0"
Info: pixel_xform_system: Done "pixel_xform_system" with 28 modules, 48 files
Info: qsys-generate succeeded.
Info: Finished: Create simulation model
Info: Starting: Create Modelsim Project.
Info: sim-script-gen --spd=Z:\altera\CPEN311\lab-5-ad2969\task1\pixel_xform_system\pixel_xform_system.spd --output-directory=Z:/altera/CPEN311/lab-5-ad2969/task1/pixel_xform_system/simulation/ --use-relative-paths=true
Info: Doing: ip-make-simscript --spd=Z:\altera\CPEN311\lab-5-ad2969\task1\pixel_xform_system\pixel_xform_system.spd --output-directory=Z:/altera/CPEN311/lab-5-ad2969/task1/pixel_xform_system/simulation/ --use-relative-paths=true
Info: Generating the following file(s) for MODELSIM simulator in Z:/altera/CPEN311/lab-5-ad2969/task1/pixel_xform_system/simulation/ directory:
Info: 	mentor/msim_setup.tcl
Info: Generating the following file(s) for VCS simulator in Z:/altera/CPEN311/lab-5-ad2969/task1/pixel_xform_system/simulation/ directory:
Info: 	synopsys/vcs/vcs_setup.sh
Info: Generating the following file(s) for VCSMX simulator in Z:/altera/CPEN311/lab-5-ad2969/task1/pixel_xform_system/simulation/ directory:
Info: 	synopsys/vcsmx/synopsys_sim.setup
Info: 	synopsys/vcsmx/vcsmx_setup.sh
Info: Generating the following file(s) for NCSIM simulator in Z:/altera/CPEN311/lab-5-ad2969/task1/pixel_xform_system/simulation/ directory:
Info: 	cadence/cds.lib
Info: 	cadence/hdl.var
Info: 	cadence/ncsim_setup.sh
Info: 	27 .cds.lib files in cadence/cds_libs/ directory
Info: Generating the following file(s) for RIVIERA simulator in Z:/altera/CPEN311/lab-5-ad2969/task1/pixel_xform_system/simulation/ directory:
Info: 	aldec/rivierapro_setup.tcl
Info: For information on how to simulate your IP, see the explanatory comments in the simulator-specific subdirectories under Z:/altera/CPEN311/lab-5-ad2969/task1/pixel_xform_system/simulation/.
Info: Regenerate these scripts whenever you make any change to any Quartus-generated IP in your project.
Info: Finished: Create Modelsim Project.
Info: Starting: Create block symbol file (.bsf)
Info: qsys-generate Z:\altera\CPEN311\lab-5-ad2969\task1\pixel_xform_system.qsys --block-symbol-file --output-directory=Z:\altera\CPEN311\lab-5-ad2969\task1\pixel_xform_system --family="Cyclone V" --part=5CSEMA5F31C6
Progress: Loading task1/pixel_xform_system.qsys
Progress: Reading input file
Progress: Adding LEDs [altera_avalon_pio 18.1]
Progress: Parameterizing module LEDs
Progress: Adding clk_0 [clock_source 18.1]
Progress: Parameterizing module clk_0
Progress: Adding jtag_uart_0 [altera_avalon_jtag_uart 18.1]
Progress: Parameterizing module jtag_uart_0
Progress: Adding nios2_gen2_0 [altera_nios2_gen2 18.1]
Progress: Parameterizing module nios2_gen2_0
Progress: Adding onchip_memory2_0 [altera_avalon_onchip_memory2 18.1]
Progress: Parameterizing module onchip_memory2_0
Progress: Adding switches [altera_avalon_pio 18.1]
Progress: Parameterizing module switches
Progress: Building connections
Progress: Parameterizing connections
Progress: Validating
Progress: Done reading input file
Info: pixel_xform_system.jtag_uart_0: JTAG UART IP input clock need to be at least double (2x) the operating frequency of JTAG TCK on board
Info: pixel_xform_system.switches: PIO inputs are not hardwired in test bench. Undefined values will be read from PIO inputs during simulation.
Info: qsys-generate succeeded.
Info: Finished: Create block symbol file (.bsf)
Info: 
Info: Starting: Create HDL design files for synthesis
Info: qsys-generate Z:\altera\CPEN311\lab-5-ad2969\task1\pixel_xform_system.qsys --synthesis=VERILOG --output-directory=Z:\altera\CPEN311\lab-5-ad2969\task1\pixel_xform_system\synthesis --family="Cyclone V" --part=5CSEMA5F31C6
Progress: Loading task1/pixel_xform_system.qsys
Progress: Reading input file
Progress: Adding LEDs [altera_avalon_pio 18.1]
Progress: Parameterizing module LEDs
Progress: Adding clk_0 [clock_source 18.1]
Progress: Parameterizing module clk_0
Progress: Adding jtag_uart_0 [altera_avalon_jtag_uart 18.1]
Progress: Parameterizing module jtag_uart_0
Progress: Adding nios2_gen2_0 [altera_nios2_gen2 18.1]
Progress: Parameterizing module nios2_gen2_0
Progress: Adding onchip_memory2_0 [altera_avalon_onchip_memory2 18.1]
Progress: Parameterizing module onchip_memory2_0
Progress: Adding switches [altera_avalon_pio 18.1]
Progress: Parameterizing module switches
Progress: Building connections
Progress: Parameterizing connections
Progress: Validating
Progress: Done reading input file
Info: pixel_xform_system.jtag_uart_0: JTAG UART IP input clock need to be at least double (2x) the operating frequency of JTAG TCK on board
Info: pixel_xform_system.switches: PIO inputs are not hardwired in test bench. Undefined values will be read from PIO inputs during simulation.
Info: pixel_xform_system: Generating pixel_xform_system "pixel_xform_system" for QUARTUS_SYNTH
Info: LEDs: Starting RTL generation for module 'pixel_xform_system_LEDs'
Info: LEDs:   Generation command is [exec Z:/altera/18.1/quartus/bin64/perl/bin/perl.exe -I Z:/altera/18.1/quartus/bin64/perl/lib -I Z:/altera/18.1/quartus/sopc_builder/bin/europa -I Z:/altera/18.1/quartus/sopc_builder/bin/perl_lib -I Z:/altera/18.1/quartus/sopc_builder/bin -I Z:/altera/18.1/quartus/../ip/altera/sopc_builder_ip/common -I Z:/altera/18.1/quartus/../ip/altera/sopc_builder_ip/altera_avalon_pio -- Z:/altera/18.1/quartus/../ip/altera/sopc_builder_ip/altera_avalon_pio/generate_rtl.pl --name=pixel_xform_system_LEDs --dir=C:/Users/Clare/AppData/Local/Temp/alt8225_2232464465915541895.dir/0027_LEDs_gen/ --quartus_dir=Z:/altera/18.1/quartus --verilog --config=C:/Users/Clare/AppData/Local/Temp/alt8225_2232464465915541895.dir/0027_LEDs_gen//pixel_xform_system_LEDs_component_configuration.pl  --do_build_sim=0  ]
Info: LEDs: Done RTL generation for module 'pixel_xform_system_LEDs'
Info: LEDs: "pixel_xform_system" instantiated altera_avalon_pio "LEDs"
Info: jtag_uart_0: Starting RTL generation for module 'pixel_xform_system_jtag_uart_0'
Info: jtag_uart_0:   Generation command is [exec Z:/altera/18.1/quartus/bin64/perl/bin/perl.exe -I Z:/altera/18.1/quartus/bin64/perl/lib -I Z:/altera/18.1/quartus/sopc_builder/bin/europa -I Z:/altera/18.1/quartus/sopc_builder/bin/perl_lib -I Z:/altera/18.1/quartus/sopc_builder/bin -I Z:/altera/18.1/quartus/../ip/altera/sopc_builder_ip/common -I Z:/altera/18.1/quartus/../ip/altera/sopc_builder_ip/altera_avalon_jtag_uart -- Z:/altera/18.1/quartus/../ip/altera/sopc_builder_ip/altera_avalon_jtag_uart/generate_rtl.pl --name=pixel_xform_system_jtag_uart_0 --dir=C:/Users/Clare/AppData/Local/Temp/alt8225_2232464465915541895.dir/0028_jtag_uart_0_gen/ --quartus_dir=Z:/altera/18.1/quartus --verilog --config=C:/Users/Clare/AppData/Local/Temp/alt8225_2232464465915541895.dir/0028_jtag_uart_0_gen//pixel_xform_system_jtag_uart_0_component_configuration.pl  --do_build_sim=0  ]
Info: jtag_uart_0: Done RTL generation for module 'pixel_xform_system_jtag_uart_0'
Info: jtag_uart_0: "pixel_xform_system" instantiated altera_avalon_jtag_uart "jtag_uart_0"
Info: nios2_gen2_0: "pixel_xform_system" instantiated altera_nios2_gen2 "nios2_gen2_0"
Info: onchip_memory2_0: Starting RTL generation for module 'pixel_xform_system_onchip_memory2_0'
Info: onchip_memory2_0:   Generation command is [exec Z:/altera/18.1/quartus/bin64/perl/bin/perl.exe -I Z:/altera/18.1/quartus/bin64/perl/lib -I Z:/altera/18.1/quartus/sopc_builder/bin/europa -I Z:/altera/18.1/quartus/sopc_builder/bin/perl_lib -I Z:/altera/18.1/quartus/sopc_builder/bin -I Z:/altera/18.1/quartus/../ip/altera/sopc_builder_ip/common -I Z:/altera/18.1/quartus/../ip/altera/sopc_builder_ip/altera_avalon_onchip_memory2 -- Z:/altera/18.1/quartus/../ip/altera/sopc_builder_ip/altera_avalon_onchip_memory2/generate_rtl.pl --name=pixel_xform_system_onchip_memory2_0 --dir=C:/Users/Clare/AppData/Local/Temp/alt8225_2232464465915541895.dir/0029_onchip_memory2_0_gen/ --quartus_dir=Z:/altera/18.1/quartus --verilog --config=C:/Users/Clare/AppData/Local/Temp/alt8225_2232464465915541895.dir/0029_onchip_memory2_0_gen//pixel_xform_system_onchip_memory2_0_component_configuration.pl  --do_build_sim=0  ]
Info: onchip_memory2_0: Done RTL generation for module 'pixel_xform_system_onchip_memory2_0'
Info: onchip_memory2_0: "pixel_xform_system" instantiated altera_avalon_onchip_memory2 "onchip_memory2_0"
Info: switches: Starting RTL generation for module 'pixel_xform_system_switches'
Info: switches:   Generation command is [exec Z:/altera/18.1/quartus/bin64/perl/bin/perl.exe -I Z:/altera/18.1/quartus/bin64/perl/lib -I Z:/altera/18.1/quartus/sopc_builder/bin/europa -I Z:/altera/18.1/quartus/sopc_builder/bin/perl_lib -I Z:/altera/18.1/quartus/sopc_builder/bin -I Z:/altera/18.1/quartus/../ip/altera/sopc_builder_ip/common -I Z:/altera/18.1/quartus/../ip/altera/sopc_builder_ip/altera_avalon_pio -- Z:/altera/18.1/quartus/../ip/altera/sopc_builder_ip/altera_avalon_pio/generate_rtl.pl --name=pixel_xform_system_switches --dir=C:/Users/Clare/AppData/Local/Temp/alt8225_2232464465915541895.dir/0030_switches_gen/ --quartus_dir=Z:/altera/18.1/quartus --verilog --config=C:/Users/Clare/AppData/Local/Temp/alt8225_2232464465915541895.dir/0030_switches_gen//pixel_xform_system_switches_component_configuration.pl  --do_build_sim=0  ]
Info: switches: Done RTL generation for module 'pixel_xform_system_switches'
Info: switches: "pixel_xform_system" instantiated altera_avalon_pio "switches"
Info: avalon_st_adapter: Inserting error_adapter: error_adapter_0
Info: avalon_st_adapter_001: Inserting error_adapter: error_adapter_0
Info: avalon_st_adapter_002: Inserting error_adapter: error_adapter_0
Info: avalon_st_adapter_003: Inserting error_adapter: error_adapter_0
Info: avalon_st_adapter_004: Inserting error_adapter: error_adapter_0
Info: mm_interconnect_0: "pixel_xform_system" instantiated altera_mm_interconnect "mm_interconnect_0"
Info: irq_mapper: "pixel_xform_system" instantiated altera_irq_mapper "irq_mapper"
Info: rst_controller: "pixel_xform_system" instantiated altera_reset_controller "rst_controller"
Info: cpu: Starting RTL generation for module 'pixel_xform_system_nios2_gen2_0_cpu'
Info: cpu:   Generation command is [exec Z:/altera/18.1/quartus/bin64//eperlcmd.exe -I Z:/altera/18.1/quartus/bin64//perl/lib -I Z:/altera/18.1/quartus/sopc_builder/bin/europa -I Z:/altera/18.1/quartus/sopc_builder/bin/perl_lib -I Z:/altera/18.1/quartus/sopc_builder/bin -I Z:/altera/18.1/quartus/../ip/altera/nios2_ip/altera_nios2_gen2/cpu_lib -I Z:/altera/18.1/quartus/../ip/altera/nios2_ip/altera_nios2_gen2/nios_lib -I Z:/altera/18.1/quartus/../ip/altera/nios2_ip/altera_nios2_gen2 -I Z:/altera/18.1/quartus/../ip/altera/nios2_ip/altera_nios2_gen2 -- Z:/altera/18.1/quartus/../ip/altera/nios2_ip/altera_nios2_gen2/generate_rtl.epl --name=pixel_xform_system_nios2_gen2_0_cpu --dir=C:/Users/Clare/AppData/Local/Temp/alt8225_2232464465915541895.dir/0033_cpu_gen/ --quartus_bindir=Z:/altera/18.1/quartus/bin64/ --verilog --config=C:/Users/Clare/AppData/Local/Temp/alt8225_2232464465915541895.dir/0033_cpu_gen//pixel_xform_system_nios2_gen2_0_cpu_processor_configuration.pl  --do_build_sim=0  ]
Info: cpu: # 2019.11.24 20:51:26 (*) Starting Nios II generation
Info: cpu: # 2019.11.24 20:51:26 (*)   Checking for plaintext license.
Info: cpu: # 2019.11.24 20:51:27 (*)   Couldn't query license setup in Quartus directory Z:/altera/18.1/quartus/bin64/
Info: cpu: # 2019.11.24 20:51:27 (*)   Defaulting to contents of LM_LICENSE_FILE environment variable
Info: cpu: # 2019.11.24 20:51:27 (*)   LM_LICENSE_FILE environment variable is empty
Info: cpu: # 2019.11.24 20:51:27 (*)   Plaintext license not found.
Info: cpu: # 2019.11.24 20:51:27 (*)   No license required to generate encrypted Nios II/e.
Info: cpu: # 2019.11.24 20:51:27 (*)   Elaborating CPU configuration settings
Info: cpu: # 2019.11.24 20:51:27 (*)   Creating all objects for CPU
Info: cpu: # 2019.11.24 20:51:28 (*)   Generating RTL from CPU objects
Info: cpu: # 2019.11.24 20:51:28 (*)   Creating plain-text RTL
Info: cpu: # 2019.11.24 20:51:29 (*) Done Nios II generation
Info: cpu: Done RTL generation for module 'pixel_xform_system_nios2_gen2_0_cpu'
Info: cpu: "nios2_gen2_0" instantiated altera_nios2_gen2_unit "cpu"
Info: nios2_gen2_0_data_master_translator: "mm_interconnect_0" instantiated altera_merlin_master_translator "nios2_gen2_0_data_master_translator"
Info: jtag_uart_0_avalon_jtag_slave_translator: "mm_interconnect_0" instantiated altera_merlin_slave_translator "jtag_uart_0_avalon_jtag_slave_translator"
Info: nios2_gen2_0_data_master_agent: "mm_interconnect_0" instantiated altera_merlin_master_agent "nios2_gen2_0_data_master_agent"
Info: jtag_uart_0_avalon_jtag_slave_agent: "mm_interconnect_0" instantiated altera_merlin_slave_agent "jtag_uart_0_avalon_jtag_slave_agent"
Info: jtag_uart_0_avalon_jtag_slave_agent_rsp_fifo: "mm_interconnect_0" instantiated altera_avalon_sc_fifo "jtag_uart_0_avalon_jtag_slave_agent_rsp_fifo"
Info: router: "mm_interconnect_0" instantiated altera_merlin_router "router"
Info: router_001: "mm_interconnect_0" instantiated altera_merlin_router "router_001"
Info: router_002: "mm_interconnect_0" instantiated altera_merlin_router "router_002"
Info: router_003: "mm_interconnect_0" instantiated altera_merlin_router "router_003"
Info: cmd_demux: "mm_interconnect_0" instantiated altera_merlin_demultiplexer "cmd_demux"
Info: cmd_demux_001: "mm_interconnect_0" instantiated altera_merlin_demultiplexer "cmd_demux_001"
Info: cmd_mux: "mm_interconnect_0" instantiated altera_merlin_multiplexer "cmd_mux"
Info: cmd_mux_001: "mm_interconnect_0" instantiated altera_merlin_multiplexer "cmd_mux_001"
Info: Reusing file Z:/altera/CPEN311/lab-5-ad2969/task1/pixel_xform_system/synthesis/submodules/altera_merlin_arbitrator.sv
Info: rsp_demux: "mm_interconnect_0" instantiated altera_merlin_demultiplexer "rsp_demux"
Info: rsp_mux: "mm_interconnect_0" instantiated altera_merlin_multiplexer "rsp_mux"
Info: Reusing file Z:/altera/CPEN311/lab-5-ad2969/task1/pixel_xform_system/synthesis/submodules/altera_merlin_arbitrator.sv
Info: rsp_mux_001: "mm_interconnect_0" instantiated altera_merlin_multiplexer "rsp_mux_001"
Info: Reusing file Z:/altera/CPEN311/lab-5-ad2969/task1/pixel_xform_system/synthesis/submodules/altera_merlin_arbitrator.sv
Info: avalon_st_adapter: "mm_interconnect_0" instantiated altera_avalon_st_adapter "avalon_st_adapter"
Info: error_adapter_0: "avalon_st_adapter" instantiated error_adapter "error_adapter_0"
Info: pixel_xform_system: Done "pixel_xform_system" with 28 modules, 41 files
Info: qsys-generate succeeded.
Info: Finished: Create HDL design files for synthesis
